{
  "stats": {
    "suites": 1,
    "tests": 1,
    "passes": 1,
    "pending": 0,
    "failures": 0,
    "start": "2020-10-10T12:29:37.404Z",
    "end": "2020-10-10T12:29:41.866Z",
    "duration": 4462,
    "testsRegistered": 1,
    "passPercent": 100,
    "pendingPercent": 0,
    "other": 0,
    "hasOther": false,
    "skipped": 0,
    "hasSkipped": false
  },
  "results": [
    {
      "uuid": "12e04d26-f474-48d7-b432-28b2daf176f4",
      "title": "",
      "fullFile": "cypress\\integration\\demoTests\\demoTest.js",
      "file": "cypress\\integration\\demoTests\\demoTest.js",
      "beforeHooks": [],
      "afterHooks": [],
      "tests": [],
      "suites": [
        {
          "uuid": "e8e65b01-dd62-43f6-bd2b-639eb263a1ab",
          "title": "Demo TestArena Tests",
          "fullFile": "",
          "file": "",
          "beforeHooks": [],
          "afterHooks": [],
          "tests": [
            {
              "title": "Demo login test",
              "fullTitle": "Demo TestArena Tests Demo login test",
              "timedOut": null,
              "duration": 4382,
              "state": "passed",
              "speed": "slow",
              "pass": true,
              "fail": false,
              "pending": false,
              "context": null,
              "code": "var testArenaDemoPage = 'http://demo.testarena.pl/zaloguj';\ncy.visit(testArenaDemoPage);\ncy.url().should('include', 'demo.testarena');\ncy.get('#email').type('administrator@testarena.pl');\ncy.get('#password').type('sumXQQ72$L');\ncy.contains('Zaloguj').click();\ncy.url().should('include', 'http://demo.testarena.pl'); // cy.url().then((url) => {\n//   assert.strictEqual(url, 'http://demo.testarena.pl/');\n//   expect(url).to.equal('http://demo.testarena.pl/');\n// });",
              "err": {},
              "uuid": "eceab503-8657-4a3d-b6a9-ed84f2a0978d",
              "parentUUID": "e8e65b01-dd62-43f6-bd2b-639eb263a1ab",
              "isHook": false,
              "skipped": false
            }
          ],
          "suites": [],
          "passes": [
            "eceab503-8657-4a3d-b6a9-ed84f2a0978d"
          ],
          "failures": [],
          "pending": [],
          "skipped": [],
          "duration": 4382,
          "root": false,
          "rootEmpty": false,
          "_timeout": 2000
        }
      ],
      "passes": [],
      "failures": [],
      "pending": [],
      "skipped": [],
      "duration": 0,
      "root": true,
      "rootEmpty": true,
      "_timeout": 2000
    }
  ],
  "meta": {
    "mocha": {
      "version": "7.0.1"
    },
    "mochawesome": {
      "options": {
        "quiet": false,
        "reportFilename": "mochawesome",
        "saveHtml": true,
        "saveJson": true,
        "consoleReporter": "spec",
        "useInlineDiffs": false,
        "code": true
      },
      "version": "6.1.1"
    },
    "marge": {
      "options": {
        "reportDir": "cypress/results/reports",
        "overwrite": false,
        "html": true,
        "json": true
      },
      "version": "5.1.0"
    }
  }
}