{
  "stats": {
    "suites": 1,
    "tests": 1,
    "passes": 1,
    "pending": 0,
    "failures": 0,
    "start": "2020-10-09T14:28:09.997Z",
    "end": "2020-10-09T14:28:14.341Z",
    "duration": 4344,
    "testsRegistered": 1,
    "passPercent": 100,
    "pendingPercent": 0,
    "other": 0,
    "hasOther": false,
    "skipped": 0,
    "hasSkipped": false
  },
  "results": [
    {
      "uuid": "4e4e2f7c-cdcb-41b9-aaa9-904a193e8a38",
      "title": "",
      "fullFile": "cypress\\integration\\demoTests\\demoTest.js",
      "file": "cypress\\integration\\demoTests\\demoTest.js",
      "beforeHooks": [],
      "afterHooks": [],
      "tests": [],
      "suites": [
        {
          "uuid": "a84dc694-aff7-4da5-99c4-ca0fd126f772",
          "title": "Cypress.io tests",
          "fullFile": "",
          "file": "",
          "beforeHooks": [],
          "afterHooks": [],
          "tests": [
            {
              "title": "Open cypress.io page",
              "fullTitle": "Cypress.io tests Open cypress.io page",
              "timedOut": null,
              "duration": 4238,
              "state": "passed",
              "speed": "slow",
              "pass": true,
              "fail": false,
              "pending": false,
              "context": null,
              "code": "var testArenaDemoPage = 'http://demo.testarena.pl/zaloguj';\ncy.visit(testArenaDemoPage);\ncy.url().should('include', 'demo.testarena');\ncy.get('#email').type('administrator@testarena.pl');\ncy.get('#password').type('sumXQQ72$L');\ncy.contains('Zaloguj').click();\ncy.url().should('include', 'http://demo.testarena.pl'); // cy.url().then((url) => {\n//   assert.strictEqual(url, 'http://demo.testarena.pl/');\n//   expect(url).to.equal('http://demo.testarena.pl/');\n// });",
              "err": {},
              "uuid": "9a90d4bb-7546-4b17-9cac-96e1f5a2c131",
              "parentUUID": "a84dc694-aff7-4da5-99c4-ca0fd126f772",
              "isHook": false,
              "skipped": false
            }
          ],
          "suites": [],
          "passes": [
            "9a90d4bb-7546-4b17-9cac-96e1f5a2c131"
          ],
          "failures": [],
          "pending": [],
          "skipped": [],
          "duration": 4238,
          "root": false,
          "rootEmpty": false,
          "_timeout": 2000
        }
      ],
      "passes": [],
      "failures": [],
      "pending": [],
      "skipped": [],
      "duration": 0,
      "root": true,
      "rootEmpty": true,
      "_timeout": 2000
    }
  ],
  "meta": {
    "mocha": {
      "version": "7.0.1"
    },
    "mochawesome": {
      "options": {
        "quiet": false,
        "reportFilename": "mochawesome",
        "saveHtml": true,
        "saveJson": true,
        "consoleReporter": "spec",
        "useInlineDiffs": false,
        "code": true
      },
      "version": "6.1.1"
    },
    "marge": {
      "options": {
        "reportDir": "cypress/results/reports",
        "overwrite": false,
        "html": true,
        "json": true
      },
      "version": "5.1.0"
    }
  }
}