{
  "stats": {
    "suites": 2,
    "tests": 1,
    "passes": 0,
    "pending": 0,
    "failures": 1,
    "start": "2020-10-09T11:27:00.066Z",
    "end": "2020-10-09T11:27:00.873Z",
    "duration": 807,
    "testsRegistered": 1,
    "passPercent": 0,
    "pendingPercent": 0,
    "other": 0,
    "hasOther": false,
    "skipped": 0,
    "hasSkipped": false
  },
  "results": [
    {
      "uuid": "c6f3d7c6-70b2-4ab3-abeb-c931a850705e",
      "title": "",
      "fullFile": "cypress\\integration\\demoTests\\demoApiTests.js",
      "file": "cypress\\integration\\demoTests\\demoApiTests.js",
      "beforeHooks": [],
      "afterHooks": [],
      "tests": [],
      "suites": [
        {
          "uuid": "abde4bae-4401-4116-a58f-2c2f07c7d622",
          "title": "Login page cookies test",
          "fullFile": "",
          "file": "",
          "beforeHooks": [],
          "afterHooks": [],
          "tests": [],
          "suites": [
            {
              "uuid": "bcc62895-d24f-45e7-b90d-18eee86c5711",
              "title": "Login page cookies test",
              "fullFile": "",
              "file": "",
              "beforeHooks": [],
              "afterHooks": [],
              "tests": [
                {
                  "title": "When accept Cookies Then checkCookiesNotVisible Should check if cookies warning is not visible",
                  "fullTitle": "Login page cookies test Login page cookies test When accept Cookies Then checkCookiesNotVisible Should check if cookies warning is not visible",
                  "timedOut": null,
                  "duration": 411,
                  "state": "failed",
                  "speed": null,
                  "pass": false,
                  "fail": true,
                  "pending": false,
                  "context": null,
                  "code": "",
                  "err": {
                    "message": "ReferenceError: loginPage is not defined\n\nBecause this error occurred during a `before each` hook we are skipping the remaining tests in the current suite: `Login page cookies test`",
                    "estack": "ReferenceError: loginPage is not defined\n\nBecause this error occurred during a `before each` hook we are skipping the remaining tests in the current suite: `Login page cookies test`\n./cypress/integration/demoTests/demoApiTests.js/</<@https://rahulshettyacademy.com/__cypress/tests?p=cypress\\integration\\demoTests\\demoApiTests.js:101:5\nsetRunnable/runnable.fn@https://rahulshettyacademy.com/__cypress/runner/cypress_runner.js:169937:45\ncallFn@https://rahulshettyacademy.com/__cypress/runner/cypress_runner.js:104304:21\n../driver/node_modules/mocha/lib/runnable.js/</Runnable.prototype.run@https://rahulshettyacademy.com/__cypress/runner/cypress_runner.js:104291:13\nonRunnableRun/<@https://rahulshettyacademy.com/__cypress/runner/cypress_runner.js:175515:28\nfinallyHandler@https://rahulshettyacademy.com/__cypress/runner/cypress_runner.js:6879:23\ntryCatcher@https://rahulshettyacademy.com/__cypress/runner/cypress_runner.js:10325:23\n../../node_modules/bluebird/js/release/promise.js/</module.exports/Promise.prototype._settlePromiseFromHandler@https://rahulshettyacademy.com/__cypress/runner/cypress_runner.js:8260:31\n../../node_modules/bluebird/js/release/promise.js/</module.exports/Promise.prototype._settlePromise@https://rahulshettyacademy.com/__cypress/runner/cypress_runner.js:8317:18\n../../node_modules/bluebird/js/release/promise.js/</module.exports/Promise.prototype._settlePromise0@https://rahulshettyacademy.com/__cypress/runner/cypress_runner.js:8362:10\n../../node_modules/bluebird/js/release/promise.js/</module.exports/Promise.prototype._settlePromises@https://rahulshettyacademy.com/__cypress/runner/cypress_runner.js:8442:18\n_drainQueueStep@https://rahulshettyacademy.com/__cypress/runner/cypress_runner.js:5032:12\n_drainQueue@https://rahulshettyacademy.com/__cypress/runner/cypress_runner.js:5025:24\n../../node_modules/bluebird/js/release/async.js/</Async.prototype._drainQueues@https://rahulshettyacademy.com/__cypress/runner/cypress_runner.js:5041:16\nAsync/this.drainQueues@https://rahulshettyacademy.com/__cypress/runner/cypress_runner.js:4911:14\npromise callback*schedule@https://rahulshettyacademy.com/__cypress/runner/cypress_runner.js:9510:23\n../../node_modules/bluebird/js/release/async.js/</Async.prototype._queueTick@https://rahulshettyacademy.com/__cypress/runner/cypress_runner.js:5050:14\nAsyncInvoke@https://rahulshettyacademy.com/__cypress/runner/cypress_runner.js:4977:10\n../../node_modules/bluebird/js/release/promise.js/</module.exports/Promise.prototype._then@https://rahulshettyacademy.com/__cypress/runner/cypress_runner.js:8009:15\n../../node_modules/bluebird/js/release/promise.js/</module.exports/Promise.prototype.then@https://rahulshettyacademy.com/__cypress/runner/cypress_runner.js:7873:17\n../../node_modules/bluebird/js/release/promise.js/</module.exports/Promise.prototype.catch@https://rahulshettyacademy.com/__cypress/runner/cypress_runner.js:7854:17\nonRunnableRun@https://rahulshettyacademy.com/__cypress/runner/cypress_runner.js:175486:48\naction@https://rahulshettyacademy.com/__cypress/runner/cypress_runner.js:166073:28\npatchRunnableRun/Runnable.prototype.run@https://rahulshettyacademy.com/__cypress/runner/cypress_runner.js:173900:13\nnext@https://rahulshettyacademy.com/__cypress/runner/cypress_runner.js:104806:10\n../driver/node_modules/mocha/lib/runner.js/</Runner.prototype.hook/<@https://rahulshettyacademy.com/__cypress/runner/cypress_runner.js:104850:9\ntimeslice@https://rahulshettyacademy.com/__cypress/runner/cypress_runner.js:98776:27\nsetTimeout handler*../driver/node_modules/mocha/browser-entry.js/</Mocha.Runner.immediately@https://rahulshettyacademy.com/__cypress/runner/cypress_runner.js:98792:24\n../driver/node_modules/mocha/lib/runner.js/</Runner.prototype.hook@https://rahulshettyacademy.com/__cypress/runner/cypress_runner.js:104849:10\nmonkeypatchBefore/<@https://rahulshettyacademy.com/__cypress/runner/cypress_runner.js:177345:21\nnext@https://rahulshettyacademy.com/__cypress/runner/cypress_runner.js:104875:10\nnext/<@https://rahulshettyacademy.com/__cypress/runner/cypress_runner.js:104882:11\nnext@https://rahulshettyacademy.com/__cypress/runner/cypress_runner.js:104784:14\nnext/<@https://rahulshettyacademy.com/__cypress/runner/cypress_runner.js:104845:11\nnext@https://rahulshettyacademy.com/__cypress/runner/cypress_runner.js:175436:22\nonNext/<@https://rahulshettyacademy.com/__cypress/runner/cypress_runner.js:175458:15\ntryCatcher@https://rahulshettyacademy.com/__cypress/runner/cypress_runner.js:10325:23\n../../node_modules/bluebird/js/release/promise.js/</module.exports/Promise.prototype._settlePromiseFromHandler@https://rahulshettyacademy.com/__cypress/runner/cypress_runner.js:8260:31\n../../node_modules/bluebird/js/release/promise.js/</module.exports/Promise.prototype._settlePromise@https://rahulshettyacademy.com/__cypress/runner/cypress_runner.js:8317:18\n../../node_modules/bluebird/js/release/promise.js/</module.exports/Promise.prototype._settlePromise0@https://rahulshettyacademy.com/__cypress/runner/cypress_runner.js:8362:10\n../../node_modules/bluebird/js/release/promise.js/</module.exports/Promise.prototype._settlePromises@https://rahulshettyacademy.com/__cypress/runner/cypress_runner.js:8442:18\n../../node_modules/bluebird/js/release/promise.js/</module.exports/Promise.prototype._fulfill@https://rahulshettyacademy.com/__cypress/runner/cypress_runner.js:8386:18\n../../node_modules/bluebird/js/release/promise.js/</module.exports/Promise.prototype._resolveCallback@https://rahulshettyacademy.com/__cypress/runner/cypress_runner.js:8180:57\n../../node_modules/bluebird/js/release/promise.js/</module.exports/Promise.prototype._settlePromiseFromHandler@https://rahulshettyacademy.com/__cypress/runner/cypress_runner.js:8272:17\n../../node_modules/bluebird/js/release/promise.js/</module.exports/Promise.prototype._settlePromise@https://rahulshettyacademy.com/__cypress/runner/cypress_runner.js:8317:18\n../../node_modules/bluebird/js/release/promise.js/</module.exports/Promise.prototype._settlePromise0@https://rahulshettyacademy.com/__cypress/runner/cypress_runner.js:8362:10\n../../node_modules/bluebird/js/release/promise.js/</module.exports/Promise.prototype._settlePromises@https://rahulshettyacademy.com/__cypress/runner/cypress_runner.js:8442:18\n../../node_modules/bluebird/js/release/promise.js/</module.exports/Promise.prototype._fulfill@https://rahulshettyacademy.com/__cypress/runner/cypress_runner.js:8386:18\n../../node_modules/bluebird/js/release/promise_array.js/module.exports/PromiseArray.prototype._resolve@https://rahulshettyacademy.com/__cypress/runner/cypress_runner.js:8659:19\n../../node_modules/bluebird/js/release/promise_array.js/module.exports/PromiseArray.prototype._promiseFulfilled@https://rahulshettyacademy.com/__cypress/runner/cypress_runner.js:8677:14\n../../node_modules/bluebird/js/release/promise_array.js/module.exports/PromiseArray.prototype._iterate@https://rahulshettyacademy.com/__cypress/runner/cypress_runner.js:8647:31\ninit@https://rahulshettyacademy.com/__cypress/runner/cypress_runner.js:8611:10\n../../node_modules/bluebird/js/release/promise.js/</module.exports/Promise.prototype._settlePromise@https://rahulshettyacademy.com/__cypress/runner/cypress_runner.js:8314:21\n../../node_modules/bluebird/js/release/promise.js/</module.exports/Promise.prototype._settlePromise0@https://rahulshettyacademy.com/__cypress/runner/cypress_runner.js:8362:10\n../../node_modules/bluebird/js/release/promise.js/</module.exports/Promise.prototype._settlePromises@https://rahulshettyacademy.com/__cypress/runner/cypress_runner.js:8442:18\n../../node_modules/bluebird/js/release/promise.js/</module.exports/Promise.prototype._fulfill@https://rahulshettyacademy.com/__cypress/runner/cypress_runner.js:8386:18\n../../node_modules/bluebird/js/release/promise_array.js/module.exports/PromiseArray.prototype._resolve@https://rahulshettyacademy.com/__cypress/runner/cypress_runner.js:8659:19\n",
                    "diff": null
                  },
                  "uuid": "f740c17d-44aa-45b8-94c5-a1d892721cb6",
                  "parentUUID": "bcc62895-d24f-45e7-b90d-18eee86c5711",
                  "isHook": false,
                  "skipped": false
                }
              ],
              "suites": [],
              "passes": [],
              "failures": [
                "f740c17d-44aa-45b8-94c5-a1d892721cb6"
              ],
              "pending": [],
              "skipped": [],
              "duration": 411,
              "root": false,
              "rootEmpty": false,
              "_timeout": 2000
            }
          ],
          "passes": [],
          "failures": [],
          "pending": [],
          "skipped": [],
          "duration": 0,
          "root": false,
          "rootEmpty": false,
          "_timeout": 2000
        }
      ],
      "passes": [],
      "failures": [],
      "pending": [],
      "skipped": [],
      "duration": 0,
      "root": true,
      "rootEmpty": true,
      "_timeout": 2000
    }
  ],
  "meta": {
    "mocha": {
      "version": "7.0.1"
    },
    "mochawesome": {
      "options": {
        "quiet": false,
        "reportFilename": "mochawesome",
        "saveHtml": true,
        "saveJson": true,
        "consoleReporter": "spec",
        "useInlineDiffs": false,
        "code": true
      },
      "version": "6.1.1"
    },
    "marge": {
      "options": {
        "reportDir": "cypress/results/reports",
        "overwrite": false,
        "html": true,
        "json": true
      },
      "version": "5.1.0"
    }
  }
}