{
  "stats": {
    "suites": 1,
    "tests": 1,
    "passes": 0,
    "pending": 0,
    "failures": 1,
    "start": "2020-10-09T10:48:17.365Z",
    "end": "2020-10-09T10:48:27.032Z",
    "duration": 9667,
    "testsRegistered": 1,
    "passPercent": 0,
    "pendingPercent": 0,
    "other": 0,
    "hasOther": false,
    "skipped": 0,
    "hasSkipped": false
  },
  "results": [
    {
      "uuid": "2b86dfbb-0965-45e8-aaaf-99e7661f25cf",
      "title": "",
      "fullFile": "cypress\\integration\\demoTests\\demoTest.js",
      "file": "cypress\\integration\\demoTests\\demoTest.js",
      "beforeHooks": [],
      "afterHooks": [],
      "tests": [],
      "suites": [
        {
          "uuid": "1ea5b4bb-f33b-4a53-9970-38509e5aca4e",
          "title": "Cypress.io tests",
          "fullFile": "",
          "file": "",
          "beforeHooks": [],
          "afterHooks": [],
          "tests": [
            {
              "title": "Open cypress.io page",
              "fullTitle": "Cypress.io tests Open cypress.io page",
              "timedOut": null,
              "duration": 7353,
              "state": "failed",
              "speed": null,
              "pass": false,
              "fail": true,
              "pending": false,
              "context": null,
              "code": "var cypressPage = 'https://www.cypress.io/';\ncy.visit(cypressPage);\ncy.url().should('include', cypressPage);\ncy.get('[href=\"/features\"]');\ncy.get('[aria-label=\"see-more-features\"]');\ncy.contains('See more features').click();\ncy.url().should('include', '/features');\ncy.contains('A test runner built for humans');\ncy.contains('An open source, front-end testing tool, built for the modern web.');\ncy.get('input[type=\"email\"]').type('moj@email.com').should('have.value', 'moj@emial.com');",
              "err": {
                "message": "AssertionError: Timed out retrying: Expected to find element: `[aria-label=\"see-more-features\"]`, but never found it.",
                "estack": "AssertionError: Timed out retrying: Expected to find element: `[aria-label=\"see-more-features\"]`, but never found it.\n    at Context.eval (https://www.cypress.io/__cypress/tests?p=cypress\\integration\\demoTests\\demoTest.js:105:8)",
                "diff": null
              },
              "uuid": "4cec8eed-374b-44e5-8828-0b1fe0f16a52",
              "parentUUID": "1ea5b4bb-f33b-4a53-9970-38509e5aca4e",
              "isHook": false,
              "skipped": false
            }
          ],
          "suites": [],
          "passes": [],
          "failures": [
            "4cec8eed-374b-44e5-8828-0b1fe0f16a52"
          ],
          "pending": [],
          "skipped": [],
          "duration": 7353,
          "root": false,
          "rootEmpty": false,
          "_timeout": 2000
        }
      ],
      "passes": [],
      "failures": [],
      "pending": [],
      "skipped": [],
      "duration": 0,
      "root": true,
      "rootEmpty": true,
      "_timeout": 2000
    }
  ],
  "meta": {
    "mocha": {
      "version": "7.0.1"
    },
    "mochawesome": {
      "options": {
        "quiet": false,
        "reportFilename": "mochawesome",
        "saveHtml": true,
        "saveJson": true,
        "consoleReporter": "spec",
        "useInlineDiffs": false,
        "code": true
      },
      "version": "6.1.1"
    },
    "marge": {
      "options": {
        "reportDir": "cypress/results/reports",
        "overwrite": false,
        "html": true,
        "json": true
      },
      "version": "5.1.0"
    }
  }
}